Lab/Lab07/HelloSharedPrefsCodingChallenge/app/build/intermediates/manifest_merge_blame_file/debug/manifest-merger-blame-debug-report.txt
1<?xml version="1.0" encoding="utf-8"?>
2<manifest xmlns:android="http://schemas.android.com/apk/res/android"
3    package="com.example.android.hellosharedprefscodingchallenge"
4    android:versionCode="1"
5    android:versionName="1.0" >
6
7    <uses-sdk
8        android:minSdkVersion="21"
8-->src\main\AndroidManifest.xml
9        android:targetSdkVersion="30" />
9-->src\main\AndroidManifest.xml
10
11    <application
11-->src\main\AndroidManifest.xml:5:5-24:19
12        android:allowBackup="true"
12-->src\main\AndroidManifest.xml:6:9-35
13        android:appComponentFactory="androidx.core.app.CoreComponentFactory"
13-->[androidx.core:core:1.3.1] AndroidManifest.xml:24:18-86
14        android:debuggable="true"
15        android:icon="@mipmap/ic_launcher"
15-->src\main\AndroidManifest.xml:7:9-43
16        android:label="@string/app_name"
16-->src\main\AndroidManifest.xml:8:9-41
17        android:supportsRtl="true"
17-->src\main\AndroidManifest.xml:9:9-35
18        android:testOnly="true"
19        android:theme="@style/AppTheme" >
19-->src\main\AndroidManifest.xml:10:9-40
20        <activity
20-->src\main\AndroidManifest.xml:11:9-16:20
21            android:name="com.example.android.hellosharedprefscodingchallenge.SettingsActivity"
21-->src\main\AndroidManifest.xml:11:19-102
22            android:parentActivityName="com.example.android.hellosharedprefscodingchallenge.MainActivity" >
22-->src\main\AndroidManifest.xml:12:13-106
23            <meta-data
23-->src\main\AndroidManifest.xml:13:13-15:99
24                android:name="android.support.PARENT_ACTIVITY"
24-->src\main\AndroidManifest.xml:14:17-63
25                android:value="com.example.android.hellosharedprefscodingchallenge.MainActivity" />
25-->src\main\AndroidManifest.xml:15:17-97
26        </activity>
27        <activity android:name="com.example.android.hellosharedprefscodingchallenge.MainActivity" >
27-->src\main\AndroidManifest.xml:17:9-23:20
27-->src\main\AndroidManifest.xml:17:19-98
28            <intent-filter>
28-->src\main\AndroidManifest.xml:18:13-22:29
29                <action android:name="android.intent.action.MAIN" />
29-->src\main\AndroidManifest.xml:19:17-69
29-->src\main\AndroidManifest.xml:19:25-66
30
31                <category android:name="android.intent.category.LAUNCHER" />
31-->src\main\AndroidManifest.xml:21:17-77
31-->src\main\AndroidManifest.xml:21:27-74
32            </intent-filter>
33        </activity>
34    </application>
35
36</manifest>